0 info it worked if it ends with ok
1 verbose cli [ 'C:\\Program Files\\nodejs\\node.exe',
1 verbose cli   'C:\\Program Files\\nodejs\\node_modules\\npm\\bin\\npm-cli.js',
1 verbose cli   'install',
1 verbose cli   'oracledb',
1 verbose cli   '--save-dev' ]
2 info using npm@3.8.6
3 info using node@v6.1.0
4 silly loadCurrentTree Starting
5 silly install loadCurrentTree
6 silly install readLocalPackageData
7 silly fetchPackageMetaData oracledb
8 silly fetchNamedPackageData oracledb
9 silly mapToRegistry name oracledb
10 silly mapToRegistry using default registry
11 silly mapToRegistry registry https://registry.npmjs.org/
12 silly mapToRegistry data Result {
12 silly mapToRegistry   raw: 'oracledb',
12 silly mapToRegistry   scope: null,
12 silly mapToRegistry   name: 'oracledb',
12 silly mapToRegistry   rawSpec: '',
12 silly mapToRegistry   spec: 'latest',
12 silly mapToRegistry   type: 'tag' }
13 silly mapToRegistry uri https://registry.npmjs.org/oracledb
14 verbose request uri https://registry.npmjs.org/oracledb
15 verbose request no auth needed
16 info attempt registry request try #1 at 8:55:48 AM
17 verbose request id edfb1484bcbbdd59
18 verbose etag "1CPHI2CJL2W7ACHZVVPSFCMMI"
19 http request GET https://registry.npmjs.org/oracledb
20 http 304 https://registry.npmjs.org/oracledb
21 verbose headers { date: 'Fri, 17 Jun 2016 15:55:54 GMT',
21 verbose headers   via: '1.1 varnish',
21 verbose headers   'cache-control': 'max-age=300',
21 verbose headers   etag: '"1CPHI2CJL2W7ACHZVVPSFCMMI"',
21 verbose headers   age: '0',
21 verbose headers   connection: 'keep-alive',
21 verbose headers   'x-served-by': 'cache-itm7422-ITM',
21 verbose headers   'x-cache': 'MISS',
21 verbose headers   'x-cache-hits': '0',
21 verbose headers   'x-timer': 'S1466178954.058806,VS0,VE634',
21 verbose headers   vary: 'Accept-Encoding' }
22 silly get cb [ 304,
22 silly get   { date: 'Fri, 17 Jun 2016 15:55:54 GMT',
22 silly get     via: '1.1 varnish',
22 silly get     'cache-control': 'max-age=300',
22 silly get     etag: '"1CPHI2CJL2W7ACHZVVPSFCMMI"',
22 silly get     age: '0',
22 silly get     connection: 'keep-alive',
22 silly get     'x-served-by': 'cache-itm7422-ITM',
22 silly get     'x-cache': 'MISS',
22 silly get     'x-cache-hits': '0',
22 silly get     'x-timer': 'S1466178954.058806,VS0,VE634',
22 silly get     vary: 'Accept-Encoding' } ]
23 verbose etag https://registry.npmjs.org/oracledb from cache
24 verbose get saving oracledb to C:\Users\user\AppData\Roaming\npm-cache\registry.npmjs.org\oracledb\.cache.json
25 verbose correctMkdir C:\Users\user\AppData\Roaming\npm-cache correctMkdir not in flight; initializing
26 silly install normalizeTree
27 silly loadCurrentTree Finishing
28 silly loadIdealTree Starting
29 silly install loadIdealTree
30 silly cloneCurrentTree Starting
31 silly install cloneCurrentTreeToIdealTree
32 silly cloneCurrentTree Finishing
33 silly loadShrinkwrap Starting
34 silly install loadShrinkwrap
35 silly loadShrinkwrap Finishing
36 silly loadAllDepsIntoIdealTree Starting
37 silly install loadAllDepsIntoIdealTree
38 silly resolveWithNewModule oracledb@1.9.3 checking installable status
39 silly cache add args [ 'oracledb', null ]
40 verbose cache add spec oracledb
41 silly cache add parsed spec Result {
41 silly cache add   raw: 'oracledb',
41 silly cache add   scope: null,
41 silly cache add   name: 'oracledb',
41 silly cache add   rawSpec: '',
41 silly cache add   spec: 'latest',
41 silly cache add   type: 'tag' }
42 silly addNamed oracledb@latest
43 verbose addNamed "latest" is being treated as a dist-tag for oracledb
44 info addNameTag [ 'oracledb', 'latest' ]
45 silly mapToRegistry name oracledb
46 silly mapToRegistry using default registry
47 silly mapToRegistry registry https://registry.npmjs.org/
48 silly mapToRegistry data Result {
48 silly mapToRegistry   raw: 'oracledb',
48 silly mapToRegistry   scope: null,
48 silly mapToRegistry   name: 'oracledb',
48 silly mapToRegistry   rawSpec: '',
48 silly mapToRegistry   spec: 'latest',
48 silly mapToRegistry   type: 'tag' }
49 silly mapToRegistry uri https://registry.npmjs.org/oracledb
50 verbose addNameTag registry:https://registry.npmjs.org/oracledb not in flight; fetching
51 verbose get https://registry.npmjs.org/oracledb not expired, no request
52 silly addNameTag next cb for oracledb with tag latest
53 silly addNamed oracledb@1.9.3
54 verbose addNamed "1.9.3" is a plain semver version for oracledb
55 silly cache afterAdd oracledb@1.9.3
56 verbose afterAdd C:\Users\user\AppData\Roaming\npm-cache\oracledb\1.9.3\package\package.json not in flight; writing
57 verbose correctMkdir C:\Users\user\AppData\Roaming\npm-cache correctMkdir not in flight; initializing
58 verbose afterAdd C:\Users\user\AppData\Roaming\npm-cache\oracledb\1.9.3\package\package.json written
59 silly fetchNamedPackageData nan
60 silly mapToRegistry name nan
61 silly mapToRegistry using default registry
62 silly mapToRegistry registry https://registry.npmjs.org/
63 silly mapToRegistry data Result {
63 silly mapToRegistry   raw: 'nan',
63 silly mapToRegistry   scope: null,
63 silly mapToRegistry   name: 'nan',
63 silly mapToRegistry   rawSpec: '',
63 silly mapToRegistry   spec: 'latest',
63 silly mapToRegistry   type: 'tag' }
64 silly mapToRegistry uri https://registry.npmjs.org/nan
65 verbose request uri https://registry.npmjs.org/nan
66 verbose request no auth needed
67 info attempt registry request try #1 at 8:55:52 AM
68 verbose etag "12RFHNMU7CS3WJ1892HQLM0NB"
69 http request GET https://registry.npmjs.org/nan
70 http 304 https://registry.npmjs.org/nan
71 verbose headers { date: 'Fri, 17 Jun 2016 15:55:55 GMT',
71 verbose headers   via: '1.1 varnish',
71 verbose headers   'cache-control': 'max-age=300',
71 verbose headers   etag: '"12RFHNMU7CS3WJ1892HQLM0NB"',
71 verbose headers   age: '146',
71 verbose headers   connection: 'keep-alive',
71 verbose headers   'x-served-by': 'cache-itm7422-ITM',
71 verbose headers   'x-cache': 'HIT',
71 verbose headers   'x-cache-hits': '1',
71 verbose headers   'x-timer': 'S1466178955.647621,VS0,VE0',
71 verbose headers   vary: 'Accept-Encoding' }
72 silly get cb [ 304,
72 silly get   { date: 'Fri, 17 Jun 2016 15:55:55 GMT',
72 silly get     via: '1.1 varnish',
72 silly get     'cache-control': 'max-age=300',
72 silly get     etag: '"12RFHNMU7CS3WJ1892HQLM0NB"',
72 silly get     age: '146',
72 silly get     connection: 'keep-alive',
72 silly get     'x-served-by': 'cache-itm7422-ITM',
72 silly get     'x-cache': 'HIT',
72 silly get     'x-cache-hits': '1',
72 silly get     'x-timer': 'S1466178955.647621,VS0,VE0',
72 silly get     vary: 'Accept-Encoding' } ]
73 verbose etag https://registry.npmjs.org/nan from cache
74 verbose get saving nan to C:\Users\user\AppData\Roaming\npm-cache\registry.npmjs.org\nan\.cache.json
75 verbose correctMkdir C:\Users\user\AppData\Roaming\npm-cache correctMkdir not in flight; initializing
76 silly resolveWithNewModule nan@2.3.5 checking installable status
77 silly cache add args [ 'nan@~2.3.0', null ]
78 verbose cache add spec nan@~2.3.0
79 silly cache add parsed spec Result {
79 silly cache add   raw: 'nan@~2.3.0',
79 silly cache add   scope: null,
79 silly cache add   name: 'nan',
79 silly cache add   rawSpec: '~2.3.0',
79 silly cache add   spec: '>=2.3.0 <2.4.0',
79 silly cache add   type: 'range' }
80 silly addNamed nan@>=2.3.0 <2.4.0
81 verbose addNamed ">=2.3.0 <2.4.0" is a valid semver range for nan
82 silly addNameRange { name: 'nan', range: '>=2.3.0 <2.4.0', hasData: false }
83 silly mapToRegistry name nan
84 silly mapToRegistry using default registry
85 silly mapToRegistry registry https://registry.npmjs.org/
86 silly mapToRegistry data Result {
86 silly mapToRegistry   raw: 'nan',
86 silly mapToRegistry   scope: null,
86 silly mapToRegistry   name: 'nan',
86 silly mapToRegistry   rawSpec: '',
86 silly mapToRegistry   spec: 'latest',
86 silly mapToRegistry   type: 'tag' }
87 silly mapToRegistry uri https://registry.npmjs.org/nan
88 verbose addNameRange registry:https://registry.npmjs.org/nan not in flight; fetching
89 verbose get https://registry.npmjs.org/nan not expired, no request
90 silly addNameRange number 2 { name: 'nan', range: '>=2.3.0 <2.4.0', hasData: true }
91 silly addNameRange versions [ 'nan',
91 silly addNameRange   [ '0.3.0-wip',
91 silly addNameRange     '0.3.0-wip2',
91 silly addNameRange     '0.3.0',
91 silly addNameRange     '0.3.1',
91 silly addNameRange     '0.3.2',
91 silly addNameRange     '0.4.0',
91 silly addNameRange     '0.4.1',
91 silly addNameRange     '0.4.2',
91 silly addNameRange     '0.4.3',
91 silly addNameRange     '0.4.4',
91 silly addNameRange     '0.5.0',
91 silly addNameRange     '0.5.1',
91 silly addNameRange     '0.5.2',
91 silly addNameRange     '0.6.0',
91 silly addNameRange     '0.7.0',
91 silly addNameRange     '0.7.1',
91 silly addNameRange     '0.8.0',
91 silly addNameRange     '1.0.0',
91 silly addNameRange     '1.1.0',
91 silly addNameRange     '1.1.1',
91 silly addNameRange     '1.1.2',
91 silly addNameRange     '1.2.0',
91 silly addNameRange     '1.3.0',
91 silly addNameRange     '1.4.0',
91 silly addNameRange     '1.4.1',
91 silly addNameRange     '1.5.0',
91 silly addNameRange     '1.4.2',
91 silly addNameRange     '1.4.3',
91 silly addNameRange     '1.5.1',
91 silly addNameRange     '1.5.2',
91 silly addNameRange     '1.6.0',
91 silly addNameRange     '1.5.3',
91 silly addNameRange     '1.6.1',
91 silly addNameRange     '1.6.2',
91 silly addNameRange     '1.7.0',
91 silly addNameRange     '1.8.0',
91 silly addNameRange     '1.8.1',
91 silly addNameRange     '1.8.2',
91 silly addNameRange     '1.8.3',
91 silly addNameRange     '1.8.4',
91 silly addNameRange     '1.9.0',
91 silly addNameRange     '2.0.0',
91 silly addNameRange     '2.0.1',
91 silly addNameRange     '2.0.2',
91 silly addNameRange     '2.0.3',
91 silly addNameRange     '2.0.4',
91 silly addNameRange     '2.0.5',
91 silly addNameRange     '2.0.6',
91 silly addNameRange     '2.0.7',
91 silly addNameRange     '2.0.8',
91 silly addNameRange     '2.0.9',
91 silly addNameRange     '2.1.0',
91 silly addNameRange     '2.2.0',
91 silly addNameRange     '2.2.1',
91 silly addNameRange     '2.3.0',
91 silly addNameRange     '2.3.1',
91 silly addNameRange     '2.3.2',
91 silly addNameRange     '2.3.3',
91 silly addNameRange     '2.3.4',
91 silly addNameRange     '2.3.5' ] ]
92 silly addNamed nan@2.3.5
93 verbose addNamed "2.3.5" is a plain semver version for nan
94 silly cache afterAdd nan@2.3.5
95 verbose afterAdd C:\Users\user\AppData\Roaming\npm-cache\nan\2.3.5\package\package.json not in flight; writing
96 verbose correctMkdir C:\Users\user\AppData\Roaming\npm-cache correctMkdir not in flight; initializing
97 verbose afterAdd C:\Users\user\AppData\Roaming\npm-cache\nan\2.3.5\package\package.json written
98 silly loadAllDepsIntoIdealTree Finishing
99 silly idealTree:prePrune telma_server@1.0.0
99 silly idealTree:prePrune +-- async@1.5.2
99 silly idealTree:prePrune +-- bignumber.js@2.3.0
99 silly idealTree:prePrune +-- body-parser@1.15.1
99 silly idealTree:prePrune | `-- qs@6.1.0
99 silly idealTree:prePrune +-- bytes@2.3.0
99 silly idealTree:prePrune +-- combined-stream@1.0.5
99 silly idealTree:prePrune +-- component-emitter@1.2.1
99 silly idealTree:prePrune +-- content-type@1.0.2
99 silly idealTree:prePrune +-- cookiejar@2.0.6
99 silly idealTree:prePrune +-- core-util-is@1.0.2
99 silly idealTree:prePrune +-- debug@2.2.0
99 silly idealTree:prePrune +-- delayed-stream@1.0.0
99 silly idealTree:prePrune +-- depd@1.1.0
99 silly idealTree:prePrune +-- ee-first@1.1.1
99 silly idealTree:prePrune +-- extend@3.0.0
99 silly idealTree:prePrune +-- form-data@1.0.0-rc3
99 silly idealTree:prePrune +-- formidable@1.0.17
99 silly idealTree:prePrune +-- http-errors@1.4.0
99 silly idealTree:prePrune +-- iconv-lite@0.4.13
99 silly idealTree:prePrune +-- inherits@2.0.1
99 silly idealTree:prePrune +-- isarray@0.0.1
99 silly idealTree:prePrune +-- media-typer@0.3.0
99 silly idealTree:prePrune +-- methods@1.1.2
99 silly idealTree:prePrune +-- mime-db@1.23.0
99 silly idealTree:prePrune +-- mime-types@2.1.11
99 silly idealTree:prePrune +-- mime@1.3.4
99 silly idealTree:prePrune +-- ms@0.7.1
99 silly idealTree:prePrune +-- mysql@2.11.1
99 silly idealTree:prePrune | `-- readable-stream@1.1.14
99 silly idealTree:prePrune +-- nan@2.3.5
99 silly idealTree:prePrune +-- on-finished@2.3.0
99 silly idealTree:prePrune +-- oracledb@1.9.3
99 silly idealTree:prePrune +-- qs@2.3.3
99 silly idealTree:prePrune +-- raw-body@2.1.6
99 silly idealTree:prePrune +-- readable-stream@1.0.27-1
99 silly idealTree:prePrune +-- reduce-component@1.0.1
99 silly idealTree:prePrune +-- sqlstring@2.0.1
99 silly idealTree:prePrune +-- statuses@1.3.0
99 silly idealTree:prePrune +-- string_decoder@0.10.31
99 silly idealTree:prePrune +-- superagent@1.8.3
99 silly idealTree:prePrune +-- supertest@1.2.0
99 silly idealTree:prePrune +-- type-is@1.6.13
99 silly idealTree:prePrune `-- unpipe@1.0.0
100 silly loadIdealTree Finishing
101 silly currentTree telma_server@1.0.0
101 silly currentTree +-- async@1.5.2
101 silly currentTree +-- bignumber.js@2.3.0
101 silly currentTree +-- body-parser@1.15.1
101 silly currentTree | `-- qs@6.1.0
101 silly currentTree +-- bytes@2.3.0
101 silly currentTree +-- combined-stream@1.0.5
101 silly currentTree +-- component-emitter@1.2.1
101 silly currentTree +-- content-type@1.0.2
101 silly currentTree +-- cookiejar@2.0.6
101 silly currentTree +-- core-util-is@1.0.2
101 silly currentTree +-- debug@2.2.0
101 silly currentTree +-- delayed-stream@1.0.0
101 silly currentTree +-- depd@1.1.0
101 silly currentTree +-- ee-first@1.1.1
101 silly currentTree +-- extend@3.0.0
101 silly currentTree +-- form-data@1.0.0-rc3
101 silly currentTree +-- formidable@1.0.17
101 silly currentTree +-- http-errors@1.4.0
101 silly currentTree +-- iconv-lite@0.4.13
101 silly currentTree +-- inherits@2.0.1
101 silly currentTree +-- isarray@0.0.1
101 silly currentTree +-- media-typer@0.3.0
101 silly currentTree +-- methods@1.1.2
101 silly currentTree +-- mime-db@1.23.0
101 silly currentTree +-- mime-types@2.1.11
101 silly currentTree +-- mime@1.3.4
101 silly currentTree +-- ms@0.7.1
101 silly currentTree +-- mysql@2.11.1
101 silly currentTree | `-- readable-stream@1.1.14
101 silly currentTree +-- on-finished@2.3.0
101 silly currentTree +-- qs@2.3.3
101 silly currentTree +-- raw-body@2.1.6
101 silly currentTree +-- readable-stream@1.0.27-1
101 silly currentTree +-- reduce-component@1.0.1
101 silly currentTree +-- sqlstring@2.0.1
101 silly currentTree +-- statuses@1.3.0
101 silly currentTree +-- string_decoder@0.10.31
101 silly currentTree +-- superagent@1.8.3
101 silly currentTree +-- supertest@1.2.0
101 silly currentTree +-- type-is@1.6.13
101 silly currentTree `-- unpipe@1.0.0
102 silly idealTree telma_server@1.0.0
102 silly idealTree +-- async@1.5.2
102 silly idealTree +-- bignumber.js@2.3.0
102 silly idealTree +-- body-parser@1.15.1
102 silly idealTree | `-- qs@6.1.0
102 silly idealTree +-- bytes@2.3.0
102 silly idealTree +-- combined-stream@1.0.5
102 silly idealTree +-- component-emitter@1.2.1
102 silly idealTree +-- content-type@1.0.2
102 silly idealTree +-- cookiejar@2.0.6
102 silly idealTree +-- core-util-is@1.0.2
102 silly idealTree +-- debug@2.2.0
102 silly idealTree +-- delayed-stream@1.0.0
102 silly idealTree +-- depd@1.1.0
102 silly idealTree +-- ee-first@1.1.1
102 silly idealTree +-- extend@3.0.0
102 silly idealTree +-- form-data@1.0.0-rc3
102 silly idealTree +-- formidable@1.0.17
102 silly idealTree +-- http-errors@1.4.0
102 silly idealTree +-- iconv-lite@0.4.13
102 silly idealTree +-- inherits@2.0.1
102 silly idealTree +-- isarray@0.0.1
102 silly idealTree +-- media-typer@0.3.0
102 silly idealTree +-- methods@1.1.2
102 silly idealTree +-- mime-db@1.23.0
102 silly idealTree +-- mime-types@2.1.11
102 silly idealTree +-- mime@1.3.4
102 silly idealTree +-- ms@0.7.1
102 silly idealTree +-- mysql@2.11.1
102 silly idealTree | `-- readable-stream@1.1.14
102 silly idealTree +-- nan@2.3.5
102 silly idealTree +-- on-finished@2.3.0
102 silly idealTree +-- oracledb@1.9.3
102 silly idealTree +-- qs@2.3.3
102 silly idealTree +-- raw-body@2.1.6
102 silly idealTree +-- readable-stream@1.0.27-1
102 silly idealTree +-- reduce-component@1.0.1
102 silly idealTree +-- sqlstring@2.0.1
102 silly idealTree +-- statuses@1.3.0
102 silly idealTree +-- string_decoder@0.10.31
102 silly idealTree +-- superagent@1.8.3
102 silly idealTree +-- supertest@1.2.0
102 silly idealTree +-- type-is@1.6.13
102 silly idealTree `-- unpipe@1.0.0
103 silly generateActionsToTake Starting
104 silly install generateActionsToTake
105 silly generateActionsToTake Finishing
106 silly diffTrees action count 2
107 silly diffTrees add nan@2.3.5
108 silly diffTrees add oracledb@1.9.3
109 silly decomposeActions action count 16
110 silly decomposeActions fetch nan@2.3.5
111 silly decomposeActions extract nan@2.3.5
112 silly decomposeActions test nan@2.3.5
113 silly decomposeActions preinstall nan@2.3.5
114 silly decomposeActions build nan@2.3.5
115 silly decomposeActions install nan@2.3.5
116 silly decomposeActions postinstall nan@2.3.5
117 silly decomposeActions finalize nan@2.3.5
118 silly decomposeActions fetch oracledb@1.9.3
119 silly decomposeActions extract oracledb@1.9.3
120 silly decomposeActions test oracledb@1.9.3
121 silly decomposeActions preinstall oracledb@1.9.3
122 silly decomposeActions build oracledb@1.9.3
123 silly decomposeActions install oracledb@1.9.3
124 silly decomposeActions postinstall oracledb@1.9.3
125 silly decomposeActions finalize oracledb@1.9.3
126 silly executeActions Starting
127 silly install executeActions
128 silly doSerial global-install 0
129 silly doParallel fetch 2
130 verbose correctMkdir C:\Users\user\AppData\Roaming\npm-cache\_locks correctMkdir not in flight; initializing
131 verbose lock using C:\Users\user\AppData\Roaming\npm-cache\_locks\staging-565a91b91b5bbbd1.lock for c:\Users\user\Desktop\g\GeckoLion\telma_server\node_modules\.staging
132 silly doParallel extract 2
133 silly extract nan@2.3.5
134 silly extract oracledb@1.9.3
135 verbose unbuild node_modules\.staging\nan-417f9e67
136 verbose unbuild node_modules\.staging\oracledb-6e9726d7
137 silly gentlyRm c:\Users\user\Desktop\g\GeckoLion\telma_server\node_modules\.staging\nan-417f9e67 is being purged from base c:\Users\user\Desktop\g\GeckoLion\telma_server
138 verbose gentlyRm don't care about contents; nuking c:\Users\user\Desktop\g\GeckoLion\telma_server\node_modules\.staging\nan-417f9e67
139 silly gentlyRm c:\Users\user\Desktop\g\GeckoLion\telma_server\node_modules\.staging\oracledb-6e9726d7 is being purged from base c:\Users\user\Desktop\g\GeckoLion\telma_server
140 verbose gentlyRm don't care about contents; nuking c:\Users\user\Desktop\g\GeckoLion\telma_server\node_modules\.staging\oracledb-6e9726d7
141 verbose tar unpack C:\Users\user\AppData\Roaming\npm-cache\nan\2.3.5\package.tgz
142 verbose tar unpacking to c:\Users\user\Desktop\g\GeckoLion\telma_server\node_modules\.staging\nan-417f9e67
143 silly gentlyRm c:\Users\user\Desktop\g\GeckoLion\telma_server\node_modules\.staging\nan-417f9e67 is being purged
144 verbose gentlyRm don't care about contents; nuking c:\Users\user\Desktop\g\GeckoLion\telma_server\node_modules\.staging\nan-417f9e67
145 verbose tar unpack C:\Users\user\AppData\Roaming\npm-cache\oracledb\1.9.3\package.tgz
146 verbose tar unpacking to c:\Users\user\Desktop\g\GeckoLion\telma_server\node_modules\.staging\oracledb-6e9726d7
147 silly gentlyRm c:\Users\user\Desktop\g\GeckoLion\telma_server\node_modules\.staging\oracledb-6e9726d7 is being purged
148 verbose gentlyRm don't care about contents; nuking c:\Users\user\Desktop\g\GeckoLion\telma_server\node_modules\.staging\oracledb-6e9726d7
149 silly gunzTarPerm modes [ '777', '666' ]
150 silly gunzTarPerm modes [ '777', '666' ]
151 silly gunzTarPerm extractEntry package.json
152 silly gunzTarPerm modified mode [ 'package.json', 436, 438 ]
153 silly gunzTarPerm extractEntry package.json
154 silly gunzTarPerm modified mode [ 'package.json', 420, 438 ]
155 silly gunzTarPerm extractEntry README.md
156 silly gunzTarPerm modified mode [ 'README.md', 436, 438 ]
157 silly gunzTarPerm extractEntry include_dirs.js
158 silly gunzTarPerm modified mode [ 'include_dirs.js', 436, 438 ]
159 silly gunzTarPerm extractEntry README.md
160 silly gunzTarPerm modified mode [ 'README.md', 420, 438 ]
161 silly gunzTarPerm extractEntry index.js
162 silly gunzTarPerm modified mode [ 'index.js', 420, 438 ]
163 silly gunzTarPerm extractEntry nan_converters.h
164 silly gunzTarPerm modified mode [ 'nan_converters.h', 436, 438 ]
165 silly gunzTarPerm extractEntry LICENSE.md
166 silly gunzTarPerm modified mode [ 'LICENSE.md', 436, 438 ]
167 silly gunzTarPerm extractEntry doc/node_misc.md
168 silly gunzTarPerm modified mode [ 'doc/node_misc.md', 436, 438 ]
169 silly gunzTarPerm extractEntry CHANGELOG.md
170 silly gunzTarPerm modified mode [ 'CHANGELOG.md', 420, 438 ]
171 silly gunzTarPerm extractEntry LICENSE.md
172 silly gunzTarPerm modified mode [ 'LICENSE.md', 420, 438 ]
173 silly gunzTarPerm extractEntry doc/asyncworker.md
174 silly gunzTarPerm modified mode [ 'doc/asyncworker.md', 436, 438 ]
175 silly gunzTarPerm extractEntry doc/callback.md
176 silly gunzTarPerm modified mode [ 'doc/callback.md', 436, 438 ]
177 silly gunzTarPerm extractEntry doc/converters.md
178 silly gunzTarPerm modified mode [ 'doc/converters.md', 436, 438 ]
179 silly gunzTarPerm extractEntry binding.gyp
180 silly gunzTarPerm modified mode [ 'binding.gyp', 420, 438 ]
181 silly gunzTarPerm extractEntry lib/connection.js
182 silly gunzTarPerm modified mode [ 'lib/connection.js', 420, 438 ]
183 silly gunzTarPerm extractEntry lib/lob.js
184 silly gunzTarPerm modified mode [ 'lib/lob.js', 420, 438 ]
185 silly gunzTarPerm extractEntry lib/oracledb.js
186 silly gunzTarPerm modified mode [ 'lib/oracledb.js', 420, 438 ]
187 silly gunzTarPerm extractEntry lib/pool.js
188 silly gunzTarPerm modified mode [ 'lib/pool.js', 420, 438 ]
189 silly gunzTarPerm extractEntry lib/querystream.js
190 silly gunzTarPerm modified mode [ 'lib/querystream.js', 420, 438 ]
191 silly gunzTarPerm extractEntry lib/resultset.js
192 silly gunzTarPerm modified mode [ 'lib/resultset.js', 420, 438 ]
193 silly gunzTarPerm extractEntry lib/util.js
194 silly gunzTarPerm modified mode [ 'lib/util.js', 420, 438 ]
195 silly gunzTarPerm extractEntry src/dpi/include/dpi.h
196 silly gunzTarPerm modified mode [ 'src/dpi/include/dpi.h', 420, 438 ]
197 silly gunzTarPerm extractEntry src/dpi/include/dpiCommon.h
198 silly gunzTarPerm modified mode [ 'src/dpi/include/dpiCommon.h', 420, 438 ]
199 silly gunzTarPerm extractEntry src/dpi/include/dpiConn.h
200 silly gunzTarPerm modified mode [ 'src/dpi/include/dpiConn.h', 420, 438 ]
201 silly gunzTarPerm extractEntry src/dpi/include/dpiDateTimeArray.h
202 silly gunzTarPerm modified mode [ 'src/dpi/include/dpiDateTimeArray.h', 420, 438 ]
203 silly gunzTarPerm extractEntry src/dpi/include/dpiEnv.h
204 silly gunzTarPerm modified mode [ 'src/dpi/include/dpiEnv.h', 420, 438 ]
205 silly gunzTarPerm extractEntry src/dpi/include/dpiException.h
206 silly gunzTarPerm modified mode [ 'src/dpi/include/dpiException.h', 420, 438 ]
207 silly gunzTarPerm extractEntry src/dpi/include/dpiLob.h
208 silly gunzTarPerm modified mode [ 'src/dpi/include/dpiLob.h', 420, 438 ]
209 silly gunzTarPerm extractEntry doc/errors.md
210 silly gunzTarPerm modified mode [ 'doc/errors.md', 436, 438 ]
211 silly gunzTarPerm extractEntry doc/maybe_types.md
212 silly gunzTarPerm modified mode [ 'doc/maybe_types.md', 436, 438 ]
213 silly gunzTarPerm extractEntry src/dpi/include/dpiPool.h
214 silly gunzTarPerm modified mode [ 'src/dpi/include/dpiPool.h', 420, 438 ]
215 silly gunzTarPerm extractEntry src/dpi/include/dpiStmt.h
216 silly gunzTarPerm modified mode [ 'src/dpi/include/dpiStmt.h', 420, 438 ]
217 silly gunzTarPerm extractEntry doc/methods.md
218 silly gunzTarPerm modified mode [ 'doc/methods.md', 436, 438 ]
219 silly gunzTarPerm extractEntry doc/new.md
220 silly gunzTarPerm modified mode [ 'doc/new.md', 436, 438 ]
221 silly gunzTarPerm extractEntry src/dpi/src/dpiExceptionImpl.cpp
222 silly gunzTarPerm modified mode [ 'src/dpi/src/dpiExceptionImpl.cpp', 420, 438 ]
223 silly gunzTarPerm extractEntry src/dpi/src/dpiCommon.cpp
224 silly gunzTarPerm modified mode [ 'src/dpi/src/dpiCommon.cpp', 420, 438 ]
225 silly gunzTarPerm extractEntry doc/buffers.md
226 silly gunzTarPerm modified mode [ 'doc/buffers.md', 436, 438 ]
227 silly gunzTarPerm extractEntry doc/object_wrappers.md
228 silly gunzTarPerm modified mode [ 'doc/object_wrappers.md', 436, 438 ]
229 silly gunzTarPerm extractEntry src/dpi/src/dpiConnImpl.h
230 silly gunzTarPerm modified mode [ 'src/dpi/src/dpiConnImpl.h', 420, 438 ]
231 silly gunzTarPerm extractEntry src/dpi/src/dpiDateTimeArrayImpl.cpp
232 silly gunzTarPerm modified mode [ 'src/dpi/src/dpiDateTimeArrayImpl.cpp', 420, 438 ]
233 silly gunzTarPerm extractEntry doc/persistent.md
234 silly gunzTarPerm modified mode [ 'doc/persistent.md', 436, 438 ]
235 silly gunzTarPerm extractEntry doc/scopes.md
236 silly gunzTarPerm modified mode [ 'doc/scopes.md', 436, 438 ]
237 silly gunzTarPerm extractEntry src/dpi/src/dpiDateTimeArrayImpl.h
238 silly gunzTarPerm modified mode [ 'src/dpi/src/dpiDateTimeArrayImpl.h', 420, 438 ]
239 silly gunzTarPerm extractEntry src/dpi/src/dpiEnv.cpp
240 silly gunzTarPerm modified mode [ 'src/dpi/src/dpiEnv.cpp', 420, 438 ]
241 silly gunzTarPerm extractEntry src/dpi/src/dpiEnvImpl.cpp
242 silly gunzTarPerm modified mode [ 'src/dpi/src/dpiEnvImpl.cpp', 420, 438 ]
243 silly gunzTarPerm extractEntry src/dpi/src/dpiEnvImpl.h
244 silly gunzTarPerm modified mode [ 'src/dpi/src/dpiEnvImpl.h', 420, 438 ]
245 silly gunzTarPerm extractEntry doc/script.md
246 silly gunzTarPerm modified mode [ 'doc/script.md', 436, 438 ]
247 silly gunzTarPerm extractEntry doc/string_bytes.md
248 silly gunzTarPerm modified mode [ 'doc/string_bytes.md', 436, 438 ]
249 silly gunzTarPerm extractEntry src/dpi/src/dpiException.cpp
250 silly gunzTarPerm modified mode [ 'src/dpi/src/dpiException.cpp', 420, 438 ]
251 silly gunzTarPerm extractEntry src/dpi/src/dpiConnImpl.cpp
252 silly gunzTarPerm modified mode [ 'src/dpi/src/dpiConnImpl.cpp', 420, 438 ]
253 silly gunzTarPerm extractEntry doc/v8_internals.md
254 silly gunzTarPerm modified mode [ 'doc/v8_internals.md', 436, 438 ]
255 silly gunzTarPerm extractEntry doc/v8_misc.md
256 silly gunzTarPerm modified mode [ 'doc/v8_misc.md', 436, 438 ]
257 silly gunzTarPerm extractEntry src/dpi/src/dpiExceptionImpl.h
258 silly gunzTarPerm modified mode [ 'src/dpi/src/dpiExceptionImpl.h', 420, 438 ]
259 silly gunzTarPerm extractEntry src/dpi/src/dpiLob.cpp
260 silly gunzTarPerm modified mode [ 'src/dpi/src/dpiLob.cpp', 420, 438 ]
261 silly gunzTarPerm extractEntry nan.h
262 silly gunzTarPerm modified mode [ 'nan.h', 436, 438 ]
263 silly gunzTarPerm extractEntry src/dpi/src/dpiPoolImpl.cpp
264 silly gunzTarPerm modified mode [ 'src/dpi/src/dpiPoolImpl.cpp', 420, 438 ]
265 silly gunzTarPerm extractEntry src/dpi/src/dpiPoolImpl.h
266 silly gunzTarPerm modified mode [ 'src/dpi/src/dpiPoolImpl.h', 420, 438 ]
267 silly gunzTarPerm extractEntry nan_callbacks.h
268 silly gunzTarPerm modified mode [ 'nan_callbacks.h', 436, 438 ]
269 silly gunzTarPerm extractEntry nan_callbacks_12_inl.h
270 silly gunzTarPerm modified mode [ 'nan_callbacks_12_inl.h', 436, 438 ]
271 silly gunzTarPerm extractEntry nan_callbacks_pre_12_inl.h
272 silly gunzTarPerm modified mode [ 'nan_callbacks_pre_12_inl.h', 436, 438 ]
273 silly gunzTarPerm extractEntry nan_converters_43_inl.h
274 silly gunzTarPerm modified mode [ 'nan_converters_43_inl.h', 436, 438 ]
275 silly gunzTarPerm extractEntry src/dpi/src/dpiStmtImpl.cpp
276 silly gunzTarPerm modified mode [ 'src/dpi/src/dpiStmtImpl.cpp', 420, 438 ]
277 silly gunzTarPerm extractEntry src/dpi/src/dpiStmtImpl.h
278 silly gunzTarPerm modified mode [ 'src/dpi/src/dpiStmtImpl.h', 420, 438 ]
279 silly gunzTarPerm extractEntry src/dpi/src/dpiUtils.cpp
280 silly gunzTarPerm modified mode [ 'src/dpi/src/dpiUtils.cpp', 420, 438 ]
281 silly gunzTarPerm extractEntry src/dpi/src/dpiUtils.h
282 silly gunzTarPerm modified mode [ 'src/dpi/src/dpiUtils.h', 420, 438 ]
283 silly gunzTarPerm extractEntry src/njs/src/njsOracle.cpp
284 silly gunzTarPerm modified mode [ 'src/njs/src/njsOracle.cpp', 420, 438 ]
285 silly gunzTarPerm extractEntry src/njs/src/njsConnection.cpp
286 silly gunzTarPerm modified mode [ 'src/njs/src/njsConnection.cpp', 420, 438 ]
287 silly gunzTarPerm extractEntry src/njs/src/njsIntLob.cpp
288 silly gunzTarPerm modified mode [ 'src/njs/src/njsIntLob.cpp', 420, 438 ]
289 silly gunzTarPerm extractEntry nan_converters_pre_43_inl.h
290 silly gunzTarPerm modified mode [ 'nan_converters_pre_43_inl.h', 436, 438 ]
291 silly gunzTarPerm extractEntry nan_implementation_12_inl.h
292 silly gunzTarPerm modified mode [ 'nan_implementation_12_inl.h', 436, 438 ]
293 silly gunzTarPerm extractEntry nan_implementation_pre_12_inl.h
294 silly gunzTarPerm modified mode [ 'nan_implementation_pre_12_inl.h', 436, 438 ]
295 silly gunzTarPerm extractEntry nan_maybe_43_inl.h
296 silly gunzTarPerm modified mode [ 'nan_maybe_43_inl.h', 436, 438 ]
297 silly gunzTarPerm extractEntry src/njs/src/njsIntLob.h
298 silly gunzTarPerm modified mode [ 'src/njs/src/njsIntLob.h', 420, 438 ]
299 silly gunzTarPerm extractEntry src/njs/src/njsMessages.cpp
300 silly gunzTarPerm modified mode [ 'src/njs/src/njsMessages.cpp', 420, 438 ]
301 silly gunzTarPerm extractEntry nan_maybe_pre_43_inl.h
302 silly gunzTarPerm modified mode [ 'nan_maybe_pre_43_inl.h', 436, 438 ]
303 silly gunzTarPerm extractEntry nan_new.h
304 silly gunzTarPerm modified mode [ 'nan_new.h', 436, 438 ]
305 silly gunzTarPerm extractEntry src/njs/src/njsMessages.h
306 silly gunzTarPerm modified mode [ 'src/njs/src/njsMessages.h', 420, 438 ]
307 silly gunzTarPerm extractEntry src/njs/src/njsConnection.h
308 silly gunzTarPerm modified mode [ 'src/njs/src/njsConnection.h', 420, 438 ]
309 silly gunzTarPerm extractEntry src/njs/src/njsOracle.h
310 silly gunzTarPerm modified mode [ 'src/njs/src/njsOracle.h', 420, 438 ]
311 silly gunzTarPerm extractEntry src/njs/src/njsPool.cpp
312 silly gunzTarPerm modified mode [ 'src/njs/src/njsPool.cpp', 420, 438 ]
313 silly gunzTarPerm extractEntry nan_object_wrap.h
314 silly gunzTarPerm modified mode [ 'nan_object_wrap.h', 436, 438 ]
315 silly gunzTarPerm extractEntry nan_persistent_12_inl.h
316 silly gunzTarPerm modified mode [ 'nan_persistent_12_inl.h', 436, 438 ]
317 silly gunzTarPerm extractEntry nan_persistent_pre_12_inl.h
318 silly gunzTarPerm modified mode [ 'nan_persistent_pre_12_inl.h', 436, 438 ]
319 silly gunzTarPerm extractEntry nan_string_bytes.h
320 silly gunzTarPerm modified mode [ 'nan_string_bytes.h', 436, 438 ]
321 silly gunzTarPerm extractEntry src/njs/src/njsPool.h
322 silly gunzTarPerm modified mode [ 'src/njs/src/njsPool.h', 420, 438 ]
323 silly gunzTarPerm extractEntry src/njs/src/njsResultSet.cpp
324 silly gunzTarPerm modified mode [ 'src/njs/src/njsResultSet.cpp', 420, 438 ]
325 silly gunzTarPerm extractEntry nan_typedarray_contents.h
326 silly gunzTarPerm modified mode [ 'nan_typedarray_contents.h', 436, 438 ]
327 silly gunzTarPerm extractEntry nan_weak.h
328 silly gunzTarPerm modified mode [ 'nan_weak.h', 436, 438 ]
329 silly gunzTarPerm extractEntry src/njs/src/njsResultSet.h
330 silly gunzTarPerm modified mode [ 'src/njs/src/njsResultSet.h', 420, 438 ]
331 silly gunzTarPerm extractEntry src/njs/src/njsUtils.h
332 silly gunzTarPerm modified mode [ 'src/njs/src/njsUtils.h', 420, 438 ]
333 silly gunzTarPerm extractEntry CHANGELOG.md
334 silly gunzTarPerm modified mode [ 'CHANGELOG.md', 436, 438 ]
335 silly gunzTarPerm extractEntry tools/package.json
336 silly gunzTarPerm modified mode [ 'tools/package.json', 436, 438 ]
337 silly gunzTarPerm extractEntry tools/README.md
338 silly gunzTarPerm modified mode [ 'tools/README.md', 436, 438 ]
339 silly gunzTarPerm extractEntry tools/1to2.js
340 silly gunzTarPerm modified mode [ 'tools/1to2.js', 509, 511 ]
341 silly gentlyRm c:\Users\user\Desktop\g\GeckoLion\telma_server\node_modules\.staging\nan-417f9e67\node_modules is being purged
342 verbose gentlyRm don't care about contents; nuking c:\Users\user\Desktop\g\GeckoLion\telma_server\node_modules\.staging\nan-417f9e67\node_modules
343 silly gentlyRm c:\Users\user\Desktop\g\GeckoLion\telma_server\node_modules\.staging\oracledb-6e9726d7\node_modules is being purged
344 verbose gentlyRm don't care about contents; nuking c:\Users\user\Desktop\g\GeckoLion\telma_server\node_modules\.staging\oracledb-6e9726d7\node_modules
345 silly doParallel preinstall 2
346 silly preinstall nan@2.3.5 c:\Users\user\Desktop\g\GeckoLion\telma_server\node_modules\.staging\nan-417f9e67
347 info lifecycle nan@2.3.5~preinstall: nan@2.3.5
348 silly preinstall oracledb@1.9.3 c:\Users\user\Desktop\g\GeckoLion\telma_server\node_modules\.staging\oracledb-6e9726d7
349 info lifecycle oracledb@1.9.3~preinstall: oracledb@1.9.3
350 silly lifecycle nan@2.3.5~preinstall: no script for preinstall, continuing
351 silly lifecycle oracledb@1.9.3~preinstall: no script for preinstall, continuing
352 silly doReverseSerial remove 0
353 silly doSerial move 0
354 silly doSerial finalize 2
355 silly finalize c:\Users\user\Desktop\g\GeckoLion\telma_server\node_modules\nan
356 silly finalize c:\Users\user\Desktop\g\GeckoLion\telma_server\node_modules\oracledb
357 silly doSerial build 2
358 silly build nan@2.3.5
359 info linkStuff nan@2.3.5
360 silly linkStuff nan@2.3.5 has c:\Users\user\Desktop\g\GeckoLion\telma_server\node_modules as its parent node_modules
361 verbose linkBins nan@2.3.5
362 verbose linkMans nan@2.3.5
363 silly build oracledb@1.9.3
364 info linkStuff oracledb@1.9.3
365 silly linkStuff oracledb@1.9.3 has c:\Users\user\Desktop\g\GeckoLion\telma_server\node_modules as its parent node_modules
366 verbose linkBins oracledb@1.9.3
367 verbose linkMans oracledb@1.9.3
368 silly doSerial global-link 0
369 silly doParallel update-linked 0
370 silly doSerial install 2
371 silly install nan@2.3.5 c:\Users\user\Desktop\g\GeckoLion\telma_server\node_modules\.staging\nan-417f9e67
372 info lifecycle nan@2.3.5~install: nan@2.3.5
373 silly lifecycle nan@2.3.5~install: no script for install, continuing
374 silly install oracledb@1.9.3 c:\Users\user\Desktop\g\GeckoLion\telma_server\node_modules\.staging\oracledb-6e9726d7
375 info lifecycle oracledb@1.9.3~install: oracledb@1.9.3
376 verbose lifecycle oracledb@1.9.3~install: unsafe-perm in lifecycle true
377 verbose lifecycle oracledb@1.9.3~install: PATH: C:\Users\user\AppData\Roaming\nvm\v6.1.0\node_modules\npm\bin\node-gyp-bin;c:\Users\user\Desktop\g\GeckoLion\telma_server\node_modules\oracledb\node_modules\.bin;c:\Users\user\Desktop\g\GeckoLion\telma_server\node_modules\.bin;C:\Program Files\nodejs;C:\ProgramData\Oracle\Java\javapath;C:\Windows\system32;C:\Windows;C:\Windows\System32\Wbem;C:\Windows\System32\WindowsPowerShell\v1.0\;C:\Program Files\Microsoft SQL Server\120\Tools\Binn\;C:\Program Files\Microsoft SQL Server\130\Tools\Binn\;C:\Program Files (x86)\Windows Kits\10\Windows Performance Toolkit\;C:\Program Files\Git\cmd;C:\Program Files\Microsoft\Web Platform Installer\;C:\Users\user\AppData\Roaming\nvm;C:\Program Files\nodejs;C:\Program Files\nodejs;C:\Program Files\nodejs\node_modules;C:\Program Files (x86)\Heroku\bin;C:\Program Files (x86)\git\cmd;C:\Program Files (x86)\Microsoft Emulator Manager\1.0\;C:\Program Files (x86)\Microsoft VS Code\bin;C:\Users\user\AppData\Roaming\nvm\v6.1.0;C:\Program Files\nodejs;C:\Program Files\nodejs\node_modules
378 verbose lifecycle oracledb@1.9.3~install: CWD: c:\Users\user\Desktop\g\GeckoLion\telma_server\node_modules\oracledb
379 silly lifecycle oracledb@1.9.3~install: Args: [ '/d /s /c', 'node-gyp rebuild' ]
380 silly lifecycle oracledb@1.9.3~install: Returned: code: 1  signal: null
381 info lifecycle oracledb@1.9.3~install: Failed to exec install script
382 verbose unlock done using C:\Users\user\AppData\Roaming\npm-cache\_locks\staging-565a91b91b5bbbd1.lock for c:\Users\user\Desktop\g\GeckoLion\telma_server\node_modules\.staging
383 silly rollbackFailedOptional Starting
384 silly rollbackFailedOptional Finishing
385 silly runTopLevelLifecycles Starting
386 silly runTopLevelLifecycles Finishing
387 silly install printInstalled
388 verbose stack Error: oracledb@1.9.3 install: `node-gyp rebuild`
388 verbose stack Exit status 1
388 verbose stack     at EventEmitter.<anonymous> (C:\Users\user\AppData\Roaming\nvm\v6.1.0\node_modules\npm\lib\utils\lifecycle.js:239:16)
388 verbose stack     at emitTwo (events.js:106:13)
388 verbose stack     at EventEmitter.emit (events.js:191:7)
388 verbose stack     at ChildProcess.<anonymous> (C:\Users\user\AppData\Roaming\nvm\v6.1.0\node_modules\npm\lib\utils\spawn.js:24:14)
388 verbose stack     at emitTwo (events.js:106:13)
388 verbose stack     at ChildProcess.emit (events.js:191:7)
388 verbose stack     at maybeClose (internal/child_process.js:850:16)
388 verbose stack     at Process.ChildProcess._handle.onexit (internal/child_process.js:215:5)
389 verbose pkgid oracledb@1.9.3
390 verbose cwd c:\Users\user\Desktop\g\GeckoLion\telma_server
391 error Windows_NT 10.0.10586
392 error argv "C:\\Program Files\\nodejs\\node.exe" "C:\\Program Files\\nodejs\\node_modules\\npm\\bin\\npm-cli.js" "install" "oracledb" "--save-dev"
393 error node v6.1.0
394 error npm  v3.8.6
395 error code ELIFECYCLE
396 error oracledb@1.9.3 install: `node-gyp rebuild`
396 error Exit status 1
397 error Failed at the oracledb@1.9.3 install script 'node-gyp rebuild'.
397 error Make sure you have the latest version of node.js and npm installed.
397 error If you do, this is most likely a problem with the oracledb package,
397 error not with npm itself.
397 error Tell the author that this fails on your system:
397 error     node-gyp rebuild
397 error You can get information on how to open an issue for this project with:
397 error     npm bugs oracledb
397 error Or if that isn't available, you can get their info via:
397 error     npm owner ls oracledb
397 error There is likely additional logging output above.
398 verbose exit [ 1, true ]
